<?xml version="1.0" encoding="UTF-8"?>
<testsuite xmlns:xsi="http://www.w3.org/2001/XMLSchema-instance" xsi:noNamespaceSchemaLocation="https://maven.apache.org/surefire/maven-surefire-plugin/xsd/surefire-test-report-3.0.xsd" version="3.0" name="TestSuite" time="102.519" tests="2" errors="0" skipped="0" failures="0">
  <properties>
    <property name="java.specification.version" value="21"/>
    <property name="sun.jnu.encoding" value="UTF-8"/>
    <property name="java.class.path" value="/Users/clementantonydassselvaraj/eclipse-workspace/finalProject/target/test-classes:/Users/clementantonydassselvaraj/eclipse-workspace/finalProject/target/classes:/Users/clementantonydassselvaraj/.m2/repository/org/seleniumhq/selenium/selenium-java/4.15.0/selenium-java-4.15.0.jar:/Users/clementantonydassselvaraj/.m2/repository/org/seleniumhq/selenium/selenium-api/4.15.0/selenium-api-4.15.0.jar:/Users/clementantonydassselvaraj/.m2/repository/org/seleniumhq/selenium/selenium-devtools-v117/4.15.0/selenium-devtools-v117-4.15.0.jar:/Users/clementantonydassselvaraj/.m2/repository/org/seleniumhq/selenium/selenium-devtools-v118/4.15.0/selenium-devtools-v118-4.15.0.jar:/Users/clementantonydassselvaraj/.m2/repository/org/seleniumhq/selenium/selenium-devtools-v119/4.15.0/selenium-devtools-v119-4.15.0.jar:/Users/clementantonydassselvaraj/.m2/repository/org/seleniumhq/selenium/selenium-devtools-v85/4.15.0/selenium-devtools-v85-4.15.0.jar:/Users/clementantonydassselvaraj/.m2/repository/org/seleniumhq/selenium/selenium-edge-driver/4.15.0/selenium-edge-driver-4.15.0.jar:/Users/clementantonydassselvaraj/.m2/repository/org/seleniumhq/selenium/selenium-firefox-driver/4.15.0/selenium-firefox-driver-4.15.0.jar:/Users/clementantonydassselvaraj/.m2/repository/org/seleniumhq/selenium/selenium-http/4.15.0/selenium-http-4.15.0.jar:/Users/clementantonydassselvaraj/.m2/repository/dev/failsafe/failsafe/3.3.2/failsafe-3.3.2.jar:/Users/clementantonydassselvaraj/.m2/repository/org/seleniumhq/selenium/selenium-ie-driver/4.15.0/selenium-ie-driver-4.15.0.jar:/Users/clementantonydassselvaraj/.m2/repository/org/seleniumhq/selenium/selenium-remote-driver/4.15.0/selenium-remote-driver-4.15.0.jar:/Users/clementantonydassselvaraj/.m2/repository/com/google/guava/guava/32.1.2-jre/guava-32.1.2-jre.jar:/Users/clementantonydassselvaraj/.m2/repository/com/google/guava/failureaccess/1.0.1/failureaccess-1.0.1.jar:/Users/clementantonydassselvaraj/.m2/repository/com/google/guava/listenablefuture/9999.0-empty-to-avoid-conflict-with-guava/listenablefuture-9999.0-empty-to-avoid-conflict-with-guava.jar:/Users/clementantonydassselvaraj/.m2/repository/com/google/code/findbugs/jsr305/3.0.2/jsr305-3.0.2.jar:/Users/clementantonydassselvaraj/.m2/repository/org/checkerframework/checker-qual/3.33.0/checker-qual-3.33.0.jar:/Users/clementantonydassselvaraj/.m2/repository/com/google/errorprone/error_prone_annotations/2.18.0/error_prone_annotations-2.18.0.jar:/Users/clementantonydassselvaraj/.m2/repository/com/google/j2objc/j2objc-annotations/2.8/j2objc-annotations-2.8.jar:/Users/clementantonydassselvaraj/.m2/repository/io/opentelemetry/opentelemetry-api/1.28.0/opentelemetry-api-1.28.0.jar:/Users/clementantonydassselvaraj/.m2/repository/io/opentelemetry/opentelemetry-context/1.28.0/opentelemetry-context-1.28.0.jar:/Users/clementantonydassselvaraj/.m2/repository/io/opentelemetry/opentelemetry-exporter-logging/1.28.0/opentelemetry-exporter-logging-1.28.0.jar:/Users/clementantonydassselvaraj/.m2/repository/io/opentelemetry/opentelemetry-sdk-metrics/1.28.0/opentelemetry-sdk-metrics-1.28.0.jar:/Users/clementantonydassselvaraj/.m2/repository/io/opentelemetry/opentelemetry-extension-incubator/1.28.0-alpha/opentelemetry-extension-incubator-1.28.0-alpha.jar:/Users/clementantonydassselvaraj/.m2/repository/io/opentelemetry/opentelemetry-sdk-logs/1.28.0/opentelemetry-sdk-logs-1.28.0.jar:/Users/clementantonydassselvaraj/.m2/repository/io/opentelemetry/opentelemetry-sdk-common/1.28.0/opentelemetry-sdk-common-1.28.0.jar:/Users/clementantonydassselvaraj/.m2/repository/io/opentelemetry/opentelemetry-sdk-extension-autoconfigure-spi/1.28.0/opentelemetry-sdk-extension-autoconfigure-spi-1.28.0.jar:/Users/clementantonydassselvaraj/.m2/repository/io/opentelemetry/opentelemetry-sdk-extension-autoconfigure/1.28.0/opentelemetry-sdk-extension-autoconfigure-1.28.0.jar:/Users/clementantonydassselvaraj/.m2/repository/io/opentelemetry/opentelemetry-api-events/1.28.0-alpha/opentelemetry-api-events-1.28.0-alpha.jar:/Users/clementantonydassselvaraj/.m2/repository/io/opentelemetry/opentelemetry-sdk-trace/1.28.0/opentelemetry-sdk-trace-1.28.0.jar:/Users/clementantonydassselvaraj/.m2/repository/io/opentelemetry/opentelemetry-sdk/1.28.0/opentelemetry-sdk-1.28.0.jar:/Users/clementantonydassselvaraj/.m2/repository/io/opentelemetry/opentelemetry-semconv/1.28.0-alpha/opentelemetry-semconv-1.28.0-alpha.jar:/Users/clementantonydassselvaraj/.m2/repository/net/bytebuddy/byte-buddy/1.14.5/byte-buddy-1.14.5.jar:/Users/clementantonydassselvaraj/.m2/repository/org/seleniumhq/selenium/selenium-os/4.15.0/selenium-os-4.15.0.jar:/Users/clementantonydassselvaraj/.m2/repository/org/apache/commons/commons-exec/1.3/commons-exec-1.3.jar:/Users/clementantonydassselvaraj/.m2/repository/org/seleniumhq/selenium/selenium-safari-driver/4.15.0/selenium-safari-driver-4.15.0.jar:/Users/clementantonydassselvaraj/.m2/repository/org/seleniumhq/selenium/selenium-support/4.15.0/selenium-support-4.15.0.jar:/Users/clementantonydassselvaraj/.m2/repository/org/apache/maven/plugins/maven-dependency-plugin/3.6.1/maven-dependency-plugin-3.6.1.jar:/Users/clementantonydassselvaraj/.m2/repository/org/apache/maven/doxia/doxia-sink-api/1.11.1/doxia-sink-api-1.11.1.jar:/Users/clementantonydassselvaraj/.m2/repository/org/apache/maven/doxia/doxia-logging-api/1.11.1/doxia-logging-api-1.11.1.jar:/Users/clementantonydassselvaraj/.m2/repository/org/apache/maven/reporting/maven-reporting-api/3.1.1/maven-reporting-api-3.1.1.jar:/Users/clementantonydassselvaraj/.m2/repository/org/apache/maven/reporting/maven-reporting-impl/3.2.0/maven-reporting-impl-3.2.0.jar:/Users/clementantonydassselvaraj/.m2/repository/org/apache/maven/maven-core/3.1.0/maven-core-3.1.0.jar:/Users/clementantonydassselvaraj/.m2/repository/org/apache/maven/maven-settings/3.1.0/maven-settings-3.1.0.jar:/Users/clementantonydassselvaraj/.m2/repository/org/apache/maven/maven-settings-builder/3.1.0/maven-settings-builder-3.1.0.jar:/Users/clementantonydassselvaraj/.m2/repository/org/apache/maven/maven-repository-metadata/3.1.0/maven-repository-metadata-3.1.0.jar:/Users/clementantonydassselvaraj/.m2/repository/org/apache/maven/maven-model-builder/3.1.0/maven-model-builder-3.1.0.jar:/Users/clementantonydassselvaraj/.m2/repository/org/apache/maven/maven-aether-provider/3.1.0/maven-aether-provider-3.1.0.jar:/Users/clementantonydassselvaraj/.m2/repository/org/eclipse/aether/aether-spi/0.9.0.M2/aether-spi-0.9.0.M2.jar:/Users/clementantonydassselvaraj/.m2/repository/org/eclipse/aether/aether-impl/0.9.0.M2/aether-impl-0.9.0.M2.jar:/Users/clementantonydassselvaraj/.m2/repository/org/eclipse/aether/aether-api/0.9.0.M2/aether-api-0.9.0.M2.jar:/Users/clementantonydassselvaraj/.m2/repository/org/eclipse/sisu/org.eclipse.sisu.plexus/0.0.0.M2a/org.eclipse.sisu.plexus-0.0.0.M2a.jar:/Users/clementantonydassselvaraj/.m2/repository/javax/enterprise/cdi-api/1.0/cdi-api-1.0.jar:/Users/clementantonydassselvaraj/.m2/repository/javax/annotation/jsr250-api/1.0/jsr250-api-1.0.jar:/Users/clementantonydassselvaraj/.m2/repository/org/sonatype/sisu/sisu-guice/3.1.0/sisu-guice-3.1.0-no_aop.jar:/Users/clementantonydassselvaraj/.m2/repository/aopalliance/aopalliance/1.0/aopalliance-1.0.jar:/Users/clementantonydassselvaraj/.m2/repository/org/eclipse/sisu/org.eclipse.sisu.inject/0.0.0.M2a/org.eclipse.sisu.inject-0.0.0.M2a.jar:/Users/clementantonydassselvaraj/.m2/repository/asm/asm/3.3.1/asm-3.3.1.jar:/Users/clementantonydassselvaraj/.m2/repository/org/codehaus/plexus/plexus-interpolation/1.16/plexus-interpolation-1.16.jar:/Users/clementantonydassselvaraj/.m2/repository/org/codehaus/plexus/plexus-classworlds/2.4.2/plexus-classworlds-2.4.2.jar:/Users/clementantonydassselvaraj/.m2/repository/org/sonatype/plexus/plexus-sec-dispatcher/1.3/plexus-sec-dispatcher-1.3.jar:/Users/clementantonydassselvaraj/.m2/repository/org/sonatype/plexus/plexus-cipher/1.4/plexus-cipher-1.4.jar:/Users/clementantonydassselvaraj/.m2/repository/org/apache/maven/maven-artifact/3.1.0/maven-artifact-3.1.0.jar:/Users/clementantonydassselvaraj/.m2/repository/org/apache/maven/maven-plugin-api/3.1.0/maven-plugin-api-3.1.0.jar:/Users/clementantonydassselvaraj/.m2/repository/org/apache/maven/doxia/doxia-decoration-model/1.11.1/doxia-decoration-model-1.11.1.jar:/Users/clementantonydassselvaraj/.m2/repository/org/apache/maven/doxia/doxia-core/1.11.1/doxia-core-1.11.1.jar:/Users/clementantonydassselvaraj/.m2/repository/org/apache/commons/commons-lang3/3.8.1/commons-lang3-3.8.1.jar:/Users/clementantonydassselvaraj/.m2/repository/org/apache/commons/commons-text/1.3/commons-text-1.3.jar:/Users/clementantonydassselvaraj/.m2/repository/org/apache/httpcomponents/httpclient/4.5.13/httpclient-4.5.13.jar:/Users/clementantonydassselvaraj/.m2/repository/commons-logging/commons-logging/1.2/commons-logging-1.2.jar:/Users/clementantonydassselvaraj/.m2/repository/commons-codec/commons-codec/1.11/commons-codec-1.11.jar:/Users/clementantonydassselvaraj/.m2/repository/org/apache/httpcomponents/httpcore/4.4.14/httpcore-4.4.14.jar:/Users/clementantonydassselvaraj/.m2/repository/org/apache/maven/doxia/doxia-integration-tools/1.11.1/doxia-integration-tools-1.11.1.jar:/Users/clementantonydassselvaraj/.m2/repository/org/apache/maven/doxia/doxia-site-renderer/1.11.1/doxia-site-renderer-1.11.1.jar:/Users/clementantonydassselvaraj/.m2/repository/org/apache/maven/doxia/doxia-skin-model/1.11.1/doxia-skin-model-1.11.1.jar:/Users/clementantonydassselvaraj/.m2/repository/org/apache/maven/doxia/doxia-module-xhtml/1.11.1/doxia-module-xhtml-1.11.1.jar:/Users/clementantonydassselvaraj/.m2/repository/org/apache/maven/doxia/doxia-module-xhtml5/1.11.1/doxia-module-xhtml5-1.11.1.jar:/Users/clementantonydassselvaraj/.m2/repository/org/codehaus/plexus/plexus-velocity/1.2/plexus-velocity-1.2.jar:/Users/clementantonydassselvaraj/.m2/repository/org/apache/velocity/velocity/1.7/velocity-1.7.jar:/Users/clementantonydassselvaraj/.m2/repository/commons-lang/commons-lang/2.4/commons-lang-2.4.jar:/Users/clementantonydassselvaraj/.m2/repository/org/apache/velocity/velocity-tools/2.0/velocity-tools-2.0.jar:/Users/clementantonydassselvaraj/.m2/repository/commons-beanutils/commons-beanutils/1.7.0/commons-beanutils-1.7.0.jar:/Users/clementantonydassselvaraj/.m2/repository/commons-digester/commons-digester/1.8/commons-digester-1.8.jar:/Users/clementantonydassselvaraj/.m2/repository/commons-chain/commons-chain/1.1/commons-chain-1.1.jar:/Users/clementantonydassselvaraj/.m2/repository/dom4j/dom4j/1.1/dom4j-1.1.jar:/Users/clementantonydassselvaraj/.m2/repository/oro/oro/2.0.8/oro-2.0.8.jar:/Users/clementantonydassselvaraj/.m2/repository/commons-collections/commons-collections/3.2.2/commons-collections-3.2.2.jar:/Users/clementantonydassselvaraj/.m2/repository/org/codehaus/plexus/plexus-archiver/4.8.0/plexus-archiver-4.8.0.jar:/Users/clementantonydassselvaraj/.m2/repository/javax/inject/javax.inject/1/javax.inject-1.jar:/Users/clementantonydassselvaraj/.m2/repository/commons-io/commons-io/2.13.0/commons-io-2.13.0.jar:/Users/clementantonydassselvaraj/.m2/repository/org/apache/commons/commons-compress/1.23.0/commons-compress-1.23.0.jar:/Users/clementantonydassselvaraj/.m2/repository/org/slf4j/slf4j-api/1.7.36/slf4j-api-1.7.36.jar:/Users/clementantonydassselvaraj/.m2/repository/org/iq80/snappy/snappy/0.4/snappy-0.4.jar:/Users/clementantonydassselvaraj/.m2/repository/org/tukaani/xz/1.9/xz-1.9.jar:/Users/clementantonydassselvaraj/.m2/repository/com/github/luben/zstd-jni/1.5.5-5/zstd-jni-1.5.5-5.jar:/Users/clementantonydassselvaraj/.m2/repository/org/codehaus/plexus/plexus-utils/3.5.1/plexus-utils-3.5.1.jar:/Users/clementantonydassselvaraj/.m2/repository/org/codehaus/plexus/plexus-io/3.4.1/plexus-io-3.4.1.jar:/Users/clementantonydassselvaraj/.m2/repository/org/codehaus/plexus/plexus-i18n/1.0-beta-10/plexus-i18n-1.0-beta-10.jar:/Users/clementantonydassselvaraj/.m2/repository/org/apache/maven/shared/maven-dependency-analyzer/1.13.2/maven-dependency-analyzer-1.13.2.jar:/Users/clementantonydassselvaraj/.m2/repository/org/apache/maven/maven-model/3.2.5/maven-model-3.2.5.jar:/Users/clementantonydassselvaraj/.m2/repository/org/ow2/asm/asm/9.5/asm-9.5.jar:/Users/clementantonydassselvaraj/.m2/repository/org/apache/maven/shared/maven-dependency-tree/3.2.1/maven-dependency-tree-3.2.1.jar:/Users/clementantonydassselvaraj/.m2/repository/org/eclipse/aether/aether-util/1.0.0.v20140518/aether-util-1.0.0.v20140518.jar:/Users/clementantonydassselvaraj/.m2/repository/org/apache/maven/shared/maven-common-artifact-filters/3.3.2/maven-common-artifact-filters-3.3.2.jar:/Users/clementantonydassselvaraj/.m2/repository/org/apache/maven/shared/maven-artifact-transfer/0.13.1/maven-artifact-transfer-0.13.1.jar:/Users/clementantonydassselvaraj/.m2/repository/org/codehaus/plexus/plexus-component-annotations/2.0.0/plexus-component-annotations-2.0.0.jar:/Users/clementantonydassselvaraj/.m2/repository/org/apache/maven/shared/maven-shared-utils/3.4.2/maven-shared-utils-3.4.2.jar:/Users/clementantonydassselvaraj/.m2/repository/org/apache/commons/commons-collections4/4.4/commons-collections4-4.4.jar:/Users/clementantonydassselvaraj/.m2/repository/org/sonatype/plexus/plexus-build-api/0.0.7/plexus-build-api-0.0.7.jar:/Users/clementantonydassselvaraj/.m2/repository/org/seleniumhq/selenium/selenium-chrome-driver/4.15.0/selenium-chrome-driver-4.15.0.jar:/Users/clementantonydassselvaraj/.m2/repository/com/google/auto/service/auto-service-annotations/1.1.1/auto-service-annotations-1.1.1.jar:/Users/clementantonydassselvaraj/.m2/repository/org/seleniumhq/selenium/selenium-chromium-driver/4.15.0/selenium-chromium-driver-4.15.0.jar:/Users/clementantonydassselvaraj/.m2/repository/org/seleniumhq/selenium/selenium-json/4.15.0/selenium-json-4.15.0.jar:/Users/clementantonydassselvaraj/.m2/repository/org/seleniumhq/selenium/selenium-manager/4.15.0/selenium-manager-4.15.0.jar:/Users/clementantonydassselvaraj/.m2/repository/org/testng/testng/7.4.0/testng-7.4.0.jar:/Users/clementantonydassselvaraj/.m2/repository/com/beust/jcommander/1.78/jcommander-1.78.jar:/Users/clementantonydassselvaraj/.m2/repository/org/webjars/jquery/3.5.1/jquery-3.5.1.jar:"/>
    <property name="java.vm.vendor" value="Oracle Corporation"/>
    <property name="sun.arch.data.model" value="64"/>
    <property name="java.vendor.url" value="https://java.oracle.com/"/>
    <property name="user.timezone" value="Europe/London"/>
    <property name="os.name" value="Mac OS X"/>
    <property name="java.vm.specification.version" value="21"/>
    <property name="sun.java.launcher" value="SUN_STANDARD"/>
    <property name="user.country" value="GB"/>
    <property name="sun.boot.library.path" value="/Library/Java/JavaVirtualMachines/jdk-21.jdk/Contents/Home/lib"/>
    <property name="sun.java.command" value="/Users/clementantonydassselvaraj/eclipse-workspace/finalProject/target/surefire/surefirebooter-20231116121336920_3.jar /Users/clementantonydassselvaraj/eclipse-workspace/finalProject/target/surefire 2023-11-16T12-13-36_875-jvmRun1 surefire-20231116121336920_1tmp surefire_0-20231116121336920_2tmp"/>
    <property name="http.nonProxyHosts" value="local|*.local|169.254/16|*.169.254/16"/>
    <property name="jdk.debug" value="release"/>
    <property name="surefire.test.class.path" value="/Users/clementantonydassselvaraj/eclipse-workspace/finalProject/target/test-classes:/Users/clementantonydassselvaraj/eclipse-workspace/finalProject/target/classes:/Users/clementantonydassselvaraj/.m2/repository/org/seleniumhq/selenium/selenium-java/4.15.0/selenium-java-4.15.0.jar:/Users/clementantonydassselvaraj/.m2/repository/org/seleniumhq/selenium/selenium-api/4.15.0/selenium-api-4.15.0.jar:/Users/clementantonydassselvaraj/.m2/repository/org/seleniumhq/selenium/selenium-devtools-v117/4.15.0/selenium-devtools-v117-4.15.0.jar:/Users/clementantonydassselvaraj/.m2/repository/org/seleniumhq/selenium/selenium-devtools-v118/4.15.0/selenium-devtools-v118-4.15.0.jar:/Users/clementantonydassselvaraj/.m2/repository/org/seleniumhq/selenium/selenium-devtools-v119/4.15.0/selenium-devtools-v119-4.15.0.jar:/Users/clementantonydassselvaraj/.m2/repository/org/seleniumhq/selenium/selenium-devtools-v85/4.15.0/selenium-devtools-v85-4.15.0.jar:/Users/clementantonydassselvaraj/.m2/repository/org/seleniumhq/selenium/selenium-edge-driver/4.15.0/selenium-edge-driver-4.15.0.jar:/Users/clementantonydassselvaraj/.m2/repository/org/seleniumhq/selenium/selenium-firefox-driver/4.15.0/selenium-firefox-driver-4.15.0.jar:/Users/clementantonydassselvaraj/.m2/repository/org/seleniumhq/selenium/selenium-http/4.15.0/selenium-http-4.15.0.jar:/Users/clementantonydassselvaraj/.m2/repository/dev/failsafe/failsafe/3.3.2/failsafe-3.3.2.jar:/Users/clementantonydassselvaraj/.m2/repository/org/seleniumhq/selenium/selenium-ie-driver/4.15.0/selenium-ie-driver-4.15.0.jar:/Users/clementantonydassselvaraj/.m2/repository/org/seleniumhq/selenium/selenium-remote-driver/4.15.0/selenium-remote-driver-4.15.0.jar:/Users/clementantonydassselvaraj/.m2/repository/com/google/guava/guava/32.1.2-jre/guava-32.1.2-jre.jar:/Users/clementantonydassselvaraj/.m2/repository/com/google/guava/failureaccess/1.0.1/failureaccess-1.0.1.jar:/Users/clementantonydassselvaraj/.m2/repository/com/google/guava/listenablefuture/9999.0-empty-to-avoid-conflict-with-guava/listenablefuture-9999.0-empty-to-avoid-conflict-with-guava.jar:/Users/clementantonydassselvaraj/.m2/repository/com/google/code/findbugs/jsr305/3.0.2/jsr305-3.0.2.jar:/Users/clementantonydassselvaraj/.m2/repository/org/checkerframework/checker-qual/3.33.0/checker-qual-3.33.0.jar:/Users/clementantonydassselvaraj/.m2/repository/com/google/errorprone/error_prone_annotations/2.18.0/error_prone_annotations-2.18.0.jar:/Users/clementantonydassselvaraj/.m2/repository/com/google/j2objc/j2objc-annotations/2.8/j2objc-annotations-2.8.jar:/Users/clementantonydassselvaraj/.m2/repository/io/opentelemetry/opentelemetry-api/1.28.0/opentelemetry-api-1.28.0.jar:/Users/clementantonydassselvaraj/.m2/repository/io/opentelemetry/opentelemetry-context/1.28.0/opentelemetry-context-1.28.0.jar:/Users/clementantonydassselvaraj/.m2/repository/io/opentelemetry/opentelemetry-exporter-logging/1.28.0/opentelemetry-exporter-logging-1.28.0.jar:/Users/clementantonydassselvaraj/.m2/repository/io/opentelemetry/opentelemetry-sdk-metrics/1.28.0/opentelemetry-sdk-metrics-1.28.0.jar:/Users/clementantonydassselvaraj/.m2/repository/io/opentelemetry/opentelemetry-extension-incubator/1.28.0-alpha/opentelemetry-extension-incubator-1.28.0-alpha.jar:/Users/clementantonydassselvaraj/.m2/repository/io/opentelemetry/opentelemetry-sdk-logs/1.28.0/opentelemetry-sdk-logs-1.28.0.jar:/Users/clementantonydassselvaraj/.m2/repository/io/opentelemetry/opentelemetry-sdk-common/1.28.0/opentelemetry-sdk-common-1.28.0.jar:/Users/clementantonydassselvaraj/.m2/repository/io/opentelemetry/opentelemetry-sdk-extension-autoconfigure-spi/1.28.0/opentelemetry-sdk-extension-autoconfigure-spi-1.28.0.jar:/Users/clementantonydassselvaraj/.m2/repository/io/opentelemetry/opentelemetry-sdk-extension-autoconfigure/1.28.0/opentelemetry-sdk-extension-autoconfigure-1.28.0.jar:/Users/clementantonydassselvaraj/.m2/repository/io/opentelemetry/opentelemetry-api-events/1.28.0-alpha/opentelemetry-api-events-1.28.0-alpha.jar:/Users/clementantonydassselvaraj/.m2/repository/io/opentelemetry/opentelemetry-sdk-trace/1.28.0/opentelemetry-sdk-trace-1.28.0.jar:/Users/clementantonydassselvaraj/.m2/repository/io/opentelemetry/opentelemetry-sdk/1.28.0/opentelemetry-sdk-1.28.0.jar:/Users/clementantonydassselvaraj/.m2/repository/io/opentelemetry/opentelemetry-semconv/1.28.0-alpha/opentelemetry-semconv-1.28.0-alpha.jar:/Users/clementantonydassselvaraj/.m2/repository/net/bytebuddy/byte-buddy/1.14.5/byte-buddy-1.14.5.jar:/Users/clementantonydassselvaraj/.m2/repository/org/seleniumhq/selenium/selenium-os/4.15.0/selenium-os-4.15.0.jar:/Users/clementantonydassselvaraj/.m2/repository/org/apache/commons/commons-exec/1.3/commons-exec-1.3.jar:/Users/clementantonydassselvaraj/.m2/repository/org/seleniumhq/selenium/selenium-safari-driver/4.15.0/selenium-safari-driver-4.15.0.jar:/Users/clementantonydassselvaraj/.m2/repository/org/seleniumhq/selenium/selenium-support/4.15.0/selenium-support-4.15.0.jar:/Users/clementantonydassselvaraj/.m2/repository/org/apache/maven/plugins/maven-dependency-plugin/3.6.1/maven-dependency-plugin-3.6.1.jar:/Users/clementantonydassselvaraj/.m2/repository/org/apache/maven/doxia/doxia-sink-api/1.11.1/doxia-sink-api-1.11.1.jar:/Users/clementantonydassselvaraj/.m2/repository/org/apache/maven/doxia/doxia-logging-api/1.11.1/doxia-logging-api-1.11.1.jar:/Users/clementantonydassselvaraj/.m2/repository/org/apache/maven/reporting/maven-reporting-api/3.1.1/maven-reporting-api-3.1.1.jar:/Users/clementantonydassselvaraj/.m2/repository/org/apache/maven/reporting/maven-reporting-impl/3.2.0/maven-reporting-impl-3.2.0.jar:/Users/clementantonydassselvaraj/.m2/repository/org/apache/maven/maven-core/3.1.0/maven-core-3.1.0.jar:/Users/clementantonydassselvaraj/.m2/repository/org/apache/maven/maven-settings/3.1.0/maven-settings-3.1.0.jar:/Users/clementantonydassselvaraj/.m2/repository/org/apache/maven/maven-settings-builder/3.1.0/maven-settings-builder-3.1.0.jar:/Users/clementantonydassselvaraj/.m2/repository/org/apache/maven/maven-repository-metadata/3.1.0/maven-repository-metadata-3.1.0.jar:/Users/clementantonydassselvaraj/.m2/repository/org/apache/maven/maven-model-builder/3.1.0/maven-model-builder-3.1.0.jar:/Users/clementantonydassselvaraj/.m2/repository/org/apache/maven/maven-aether-provider/3.1.0/maven-aether-provider-3.1.0.jar:/Users/clementantonydassselvaraj/.m2/repository/org/eclipse/aether/aether-spi/0.9.0.M2/aether-spi-0.9.0.M2.jar:/Users/clementantonydassselvaraj/.m2/repository/org/eclipse/aether/aether-impl/0.9.0.M2/aether-impl-0.9.0.M2.jar:/Users/clementantonydassselvaraj/.m2/repository/org/eclipse/aether/aether-api/0.9.0.M2/aether-api-0.9.0.M2.jar:/Users/clementantonydassselvaraj/.m2/repository/org/eclipse/sisu/org.eclipse.sisu.plexus/0.0.0.M2a/org.eclipse.sisu.plexus-0.0.0.M2a.jar:/Users/clementantonydassselvaraj/.m2/repository/javax/enterprise/cdi-api/1.0/cdi-api-1.0.jar:/Users/clementantonydassselvaraj/.m2/repository/javax/annotation/jsr250-api/1.0/jsr250-api-1.0.jar:/Users/clementantonydassselvaraj/.m2/repository/org/sonatype/sisu/sisu-guice/3.1.0/sisu-guice-3.1.0-no_aop.jar:/Users/clementantonydassselvaraj/.m2/repository/aopalliance/aopalliance/1.0/aopalliance-1.0.jar:/Users/clementantonydassselvaraj/.m2/repository/org/eclipse/sisu/org.eclipse.sisu.inject/0.0.0.M2a/org.eclipse.sisu.inject-0.0.0.M2a.jar:/Users/clementantonydassselvaraj/.m2/repository/asm/asm/3.3.1/asm-3.3.1.jar:/Users/clementantonydassselvaraj/.m2/repository/org/codehaus/plexus/plexus-interpolation/1.16/plexus-interpolation-1.16.jar:/Users/clementantonydassselvaraj/.m2/repository/org/codehaus/plexus/plexus-classworlds/2.4.2/plexus-classworlds-2.4.2.jar:/Users/clementantonydassselvaraj/.m2/repository/org/sonatype/plexus/plexus-sec-dispatcher/1.3/plexus-sec-dispatcher-1.3.jar:/Users/clementantonydassselvaraj/.m2/repository/org/sonatype/plexus/plexus-cipher/1.4/plexus-cipher-1.4.jar:/Users/clementantonydassselvaraj/.m2/repository/org/apache/maven/maven-artifact/3.1.0/maven-artifact-3.1.0.jar:/Users/clementantonydassselvaraj/.m2/repository/org/apache/maven/maven-plugin-api/3.1.0/maven-plugin-api-3.1.0.jar:/Users/clementantonydassselvaraj/.m2/repository/org/apache/maven/doxia/doxia-decoration-model/1.11.1/doxia-decoration-model-1.11.1.jar:/Users/clementantonydassselvaraj/.m2/repository/org/apache/maven/doxia/doxia-core/1.11.1/doxia-core-1.11.1.jar:/Users/clementantonydassselvaraj/.m2/repository/org/apache/commons/commons-lang3/3.8.1/commons-lang3-3.8.1.jar:/Users/clementantonydassselvaraj/.m2/repository/org/apache/commons/commons-text/1.3/commons-text-1.3.jar:/Users/clementantonydassselvaraj/.m2/repository/org/apache/httpcomponents/httpclient/4.5.13/httpclient-4.5.13.jar:/Users/clementantonydassselvaraj/.m2/repository/commons-logging/commons-logging/1.2/commons-logging-1.2.jar:/Users/clementantonydassselvaraj/.m2/repository/commons-codec/commons-codec/1.11/commons-codec-1.11.jar:/Users/clementantonydassselvaraj/.m2/repository/org/apache/httpcomponents/httpcore/4.4.14/httpcore-4.4.14.jar:/Users/clementantonydassselvaraj/.m2/repository/org/apache/maven/doxia/doxia-integration-tools/1.11.1/doxia-integration-tools-1.11.1.jar:/Users/clementantonydassselvaraj/.m2/repository/org/apache/maven/doxia/doxia-site-renderer/1.11.1/doxia-site-renderer-1.11.1.jar:/Users/clementantonydassselvaraj/.m2/repository/org/apache/maven/doxia/doxia-skin-model/1.11.1/doxia-skin-model-1.11.1.jar:/Users/clementantonydassselvaraj/.m2/repository/org/apache/maven/doxia/doxia-module-xhtml/1.11.1/doxia-module-xhtml-1.11.1.jar:/Users/clementantonydassselvaraj/.m2/repository/org/apache/maven/doxia/doxia-module-xhtml5/1.11.1/doxia-module-xhtml5-1.11.1.jar:/Users/clementantonydassselvaraj/.m2/repository/org/codehaus/plexus/plexus-velocity/1.2/plexus-velocity-1.2.jar:/Users/clementantonydassselvaraj/.m2/repository/org/apache/velocity/velocity/1.7/velocity-1.7.jar:/Users/clementantonydassselvaraj/.m2/repository/commons-lang/commons-lang/2.4/commons-lang-2.4.jar:/Users/clementantonydassselvaraj/.m2/repository/org/apache/velocity/velocity-tools/2.0/velocity-tools-2.0.jar:/Users/clementantonydassselvaraj/.m2/repository/commons-beanutils/commons-beanutils/1.7.0/commons-beanutils-1.7.0.jar:/Users/clementantonydassselvaraj/.m2/repository/commons-digester/commons-digester/1.8/commons-digester-1.8.jar:/Users/clementantonydassselvaraj/.m2/repository/commons-chain/commons-chain/1.1/commons-chain-1.1.jar:/Users/clementantonydassselvaraj/.m2/repository/dom4j/dom4j/1.1/dom4j-1.1.jar:/Users/clementantonydassselvaraj/.m2/repository/oro/oro/2.0.8/oro-2.0.8.jar:/Users/clementantonydassselvaraj/.m2/repository/commons-collections/commons-collections/3.2.2/commons-collections-3.2.2.jar:/Users/clementantonydassselvaraj/.m2/repository/org/codehaus/plexus/plexus-archiver/4.8.0/plexus-archiver-4.8.0.jar:/Users/clementantonydassselvaraj/.m2/repository/javax/inject/javax.inject/1/javax.inject-1.jar:/Users/clementantonydassselvaraj/.m2/repository/commons-io/commons-io/2.13.0/commons-io-2.13.0.jar:/Users/clementantonydassselvaraj/.m2/repository/org/apache/commons/commons-compress/1.23.0/commons-compress-1.23.0.jar:/Users/clementantonydassselvaraj/.m2/repository/org/slf4j/slf4j-api/1.7.36/slf4j-api-1.7.36.jar:/Users/clementantonydassselvaraj/.m2/repository/org/iq80/snappy/snappy/0.4/snappy-0.4.jar:/Users/clementantonydassselvaraj/.m2/repository/org/tukaani/xz/1.9/xz-1.9.jar:/Users/clementantonydassselvaraj/.m2/repository/com/github/luben/zstd-jni/1.5.5-5/zstd-jni-1.5.5-5.jar:/Users/clementantonydassselvaraj/.m2/repository/org/codehaus/plexus/plexus-utils/3.5.1/plexus-utils-3.5.1.jar:/Users/clementantonydassselvaraj/.m2/repository/org/codehaus/plexus/plexus-io/3.4.1/plexus-io-3.4.1.jar:/Users/clementantonydassselvaraj/.m2/repository/org/codehaus/plexus/plexus-i18n/1.0-beta-10/plexus-i18n-1.0-beta-10.jar:/Users/clementantonydassselvaraj/.m2/repository/org/apache/maven/shared/maven-dependency-analyzer/1.13.2/maven-dependency-analyzer-1.13.2.jar:/Users/clementantonydassselvaraj/.m2/repository/org/apache/maven/maven-model/3.2.5/maven-model-3.2.5.jar:/Users/clementantonydassselvaraj/.m2/repository/org/ow2/asm/asm/9.5/asm-9.5.jar:/Users/clementantonydassselvaraj/.m2/repository/org/apache/maven/shared/maven-dependency-tree/3.2.1/maven-dependency-tree-3.2.1.jar:/Users/clementantonydassselvaraj/.m2/repository/org/eclipse/aether/aether-util/1.0.0.v20140518/aether-util-1.0.0.v20140518.jar:/Users/clementantonydassselvaraj/.m2/repository/org/apache/maven/shared/maven-common-artifact-filters/3.3.2/maven-common-artifact-filters-3.3.2.jar:/Users/clementantonydassselvaraj/.m2/repository/org/apache/maven/shared/maven-artifact-transfer/0.13.1/maven-artifact-transfer-0.13.1.jar:/Users/clementantonydassselvaraj/.m2/repository/org/codehaus/plexus/plexus-component-annotations/2.0.0/plexus-component-annotations-2.0.0.jar:/Users/clementantonydassselvaraj/.m2/repository/org/apache/maven/shared/maven-shared-utils/3.4.2/maven-shared-utils-3.4.2.jar:/Users/clementantonydassselvaraj/.m2/repository/org/apache/commons/commons-collections4/4.4/commons-collections4-4.4.jar:/Users/clementantonydassselvaraj/.m2/repository/org/sonatype/plexus/plexus-build-api/0.0.7/plexus-build-api-0.0.7.jar:/Users/clementantonydassselvaraj/.m2/repository/org/seleniumhq/selenium/selenium-chrome-driver/4.15.0/selenium-chrome-driver-4.15.0.jar:/Users/clementantonydassselvaraj/.m2/repository/com/google/auto/service/auto-service-annotations/1.1.1/auto-service-annotations-1.1.1.jar:/Users/clementantonydassselvaraj/.m2/repository/org/seleniumhq/selenium/selenium-chromium-driver/4.15.0/selenium-chromium-driver-4.15.0.jar:/Users/clementantonydassselvaraj/.m2/repository/org/seleniumhq/selenium/selenium-json/4.15.0/selenium-json-4.15.0.jar:/Users/clementantonydassselvaraj/.m2/repository/org/seleniumhq/selenium/selenium-manager/4.15.0/selenium-manager-4.15.0.jar:/Users/clementantonydassselvaraj/.m2/repository/org/testng/testng/7.4.0/testng-7.4.0.jar:/Users/clementantonydassselvaraj/.m2/repository/com/beust/jcommander/1.78/jcommander-1.78.jar:/Users/clementantonydassselvaraj/.m2/repository/org/webjars/jquery/3.5.1/jquery-3.5.1.jar:"/>
    <property name="sun.cpu.endian" value="little"/>
    <property name="user.home" value="/Users/clementantonydassselvaraj"/>
    <property name="user.language" value="en"/>
    <property name="java.specification.vendor" value="Oracle Corporation"/>
    <property name="java.version.date" value="2023-10-17"/>
    <property name="java.home" value="/Library/Java/JavaVirtualMachines/jdk-21.jdk/Contents/Home"/>
    <property name="file.separator" value="/"/>
    <property name="basedir" value="/Users/clementantonydassselvaraj/eclipse-workspace/finalProject"/>
    <property name="style.color" value="always"/>
    <property name="java.vm.compressedOopsMode" value="Zero based"/>
    <property name="line.separator" value="&#10;"/>
    <property name="java.vm.specification.vendor" value="Oracle Corporation"/>
    <property name="java.specification.name" value="Java Platform API Specification"/>
    <property name="apple.awt.application.name" value="ForkedBooter"/>
    <property name="surefire.real.class.path" value="/Users/clementantonydassselvaraj/eclipse-workspace/finalProject/target/surefire/surefirebooter-20231116121336920_3.jar"/>
    <property name="sun.management.compiler" value="HotSpot 64-Bit Tiered Compilers"/>
    <property name="ftp.nonProxyHosts" value="local|*.local|169.254/16|*.169.254/16"/>
    <property name="java.runtime.version" value="21.0.1+12-LTS-29"/>
    <property name="user.name" value="clementantonydassselvaraj"/>
    <property name="stdout.encoding" value="UTF-8"/>
    <property name="path.separator" value=":"/>
    <property name="os.version" value="13.2.1"/>
    <property name="java.runtime.name" value="Java(TM) SE Runtime Environment"/>
    <property name="file.encoding" value="UTF-8"/>
    <property name="java.vm.name" value="Java HotSpot(TM) 64-Bit Server VM"/>
    <property name="localRepository" value="/Users/clementantonydassselvaraj/.m2/repository"/>
    <property name="java.vendor.url.bug" value="https://bugreport.java.com/bugreport/"/>
    <property name="java.io.tmpdir" value="/var/folders/xy/2bvn2fxn22l5zh5kwmgr3rpc0000gn/T/"/>
    <property name="java.version" value="21.0.1"/>
    <property name="user.dir" value="/Users/clementantonydassselvaraj/eclipse-workspace/finalProject"/>
    <property name="os.arch" value="aarch64"/>
    <property name="java.vm.specification.name" value="Java Virtual Machine Specification"/>
    <property name="native.encoding" value="UTF-8"/>
    <property name="java.library.path" value="/Users/clementantonydassselvaraj/Library/Java/Extensions:/Library/Java/Extensions:/Network/Library/Java/Extensions:/System/Library/Java/Extensions:/usr/lib/java:."/>
    <property name="java.vm.info" value="mixed mode, sharing"/>
    <property name="stderr.encoding" value="UTF-8"/>
    <property name="java.vendor" value="Oracle Corporation"/>
    <property name="java.vm.version" value="21.0.1+12-LTS-29"/>
    <property name="sun.io.unicode.encoding" value="UnicodeBig"/>
    <property name="socksNonProxyHosts" value="local|*.local|169.254/16|*.169.254/16"/>
    <property name="java.class.version" value="65.0"/>
  </properties>
  <testcase name="testContactFormSubmission" classname="tests.ContactTest" time="9.637"/>
  <testcase name="testiPhoneAndSearch" classname="tests.FlipKartTest" time="41.942">
    <system-out><![CDATA[Result CountShowing 1 – 24 of 167 results for "iPhone 14"
]]></system-out>
  </testcase>
</testsuite>