<?xml version="1.0" encoding="UTF-8"?>
<!-- Generated by org.testng.reporters.JUnitReportReporter -->
<testsuite hostname="Clements-MacBook-Pro.local" failures="0" tests="1" name="tests.FlipKartTest" time="41.727" errors="0" timestamp="2023-11-16T14:23:15 GMT" skipped="0">
  <testcase classname="tests.FlipKartTest" name="testiPhoneAndSearch" time="41.727"/>
  <system-out/>
</testsuite> <!-- tests.FlipKartTest -->
