<?xml version="1.0" encoding="UTF-8"?>
<!-- Generated by org.testng.reporters.JUnitReportReporter -->
<testsuite hostname="Clements-MacBook-Pro.local" failures="0" tests="1" name="tests.ContactTest" time="9.634" errors="0" timestamp="2023-11-16T12:15:19 GMT" skipped="0">
  <testcase classname="tests.ContactTest" name="testContactFormSubmission" time="9.634"/>
  <system-out/>
</testsuite> <!-- tests.ContactTest -->
